2025-07-29 00:40:49:Debug: Caller initialized
2025-07-29 00:40:49:Debug: Graph initialized
2025-07-29 00:40:49:Debug: Follower Controller initialized
2025-07-29 00:40:49:Engine initialized successfully
2025-07-29 00:40:53:Debug: Follower initialized
2025-07-29 00:40:53:Debug: Registered follower in caller: cfa98be0-7452-49dd-b769-4706daa7228b at 127.0.0.1:42424
2025-07-29 00:40:53:Debug: Follower cfa98be0-7452-49dd-b769-4706daa7228b added successfully
2025-07-29 00:40:53:Debug: Follower init successfully, UUID is: cfa98be0-7452-49dd-b769-4706daa7228b
2025-07-29 00:40:53:Debug: Plugins added to follower cfa98be0-7452-49dd-b769-4706daa7228b
2025-07-29 00:40:53:Debug: Follower add plugin successfully, UUID is: cfa98be0-7452-49dd-b769-4706daa7228b
2025-07-29 00:40:53:Follower UUID: cfa98be0-7452-49dd-b769-4706daa7228b , message: Successfully connected to leader
2025-07-29 00:40:54:Follower UUID: cfa98be0-7452-49dd-b769-4706daa7228b , message: Heartbeat sender initialized
2025-07-29 00:40:54:Follower UUID: cfa98be0-7452-49dd-b769-4706daa7228b , message: Ubik-Follower running now, listening on 42424
2025-07-29 00:40:54:Follower UUID: cfa98be0-7452-49dd-b769-4706daa7228b , message: Successfully post the plugin list to leader
2025-07-29 00:40:54:Follower UUID: cfa98be0-7452-49dd-b769-4706daa7228b , message: Ubik-Follower is starting...
2025-07-29 00:40:54:Debug: Adding runtime node 1 for follower cfa98be0-7452-49dd-b769-4706daa7228b
2025-07-29 00:40:54:Debug: Calling URL: http://127.0.0.1:42424/api/node/?id=1&plugin_name=AddNum&node_name=startNode
2025-07-29 00:40:54:Debug: Runtime node 1 added successfully for follower cfa98be0-7452-49dd-b769-4706daa7228b
2025-07-29 00:40:54:Debug: Adding runtime node 2 for follower cfa98be0-7452-49dd-b769-4706daa7228b
2025-07-29 00:40:54:Debug: Calling URL: http://127.0.0.1:42424/api/node/?id=2&plugin_name=AddNum&node_name=selfIncreasingNode
2025-07-29 00:40:54:Follower UUID: cfa98be0-7452-49dd-b769-4706daa7228b , message: New runtime node startNode created, id: 1
2025-07-29 00:40:54:Follower UUID: cfa98be0-7452-49dd-b769-4706daa7228b , message: mounting plugin AddNum
2025-07-29 00:40:54:Debug: Runtime node 2 added successfully for follower cfa98be0-7452-49dd-b769-4706daa7228b
2025-07-29 00:40:54:Debug: Adding runtime node 3 for follower cfa98be0-7452-49dd-b769-4706daa7228b
2025-07-29 00:40:54:Debug: Calling URL: http://127.0.0.1:42424/api/node/?id=3&plugin_name=AddNum&node_name=sumNode
2025-07-29 00:40:54:Debug: Runtime node 3 added successfully for follower cfa98be0-7452-49dd-b769-4706daa7228b
2025-07-29 00:40:54:Debug: Adding runtime node 4 for follower cfa98be0-7452-49dd-b769-4706daa7228b
2025-07-29 00:40:54:Debug: Calling URL: http://127.0.0.1:42424/api/node/?id=4&plugin_name=AddNum&node_name=selfIncreasingNode
2025-07-29 00:40:54:Debug: Runtime node 4 added successfully for follower cfa98be0-7452-49dd-b769-4706daa7228b
2025-07-29 00:40:54:Debug: Updating edge from producer 1 to consumer 3 for follower cfa98be0-7452-49dd-b769-4706daa7228b
2025-07-29 00:40:54:Debug: Calling URL: http://127.0.0.1:42424/api/node/edge?producer_id=1&consumer_id=3&producer_port_name=num_a&consumer_port_name=num_a
2025-07-29 00:40:54:Follower UUID: cfa98be0-7452-49dd-b769-4706daa7228b , message: New runtime node sumNode created, id: 3
2025-07-29 00:40:54:Follower UUID: cfa98be0-7452-49dd-b769-4706daa7228b , message: plugin AddNum already mounted
2025-07-29 00:40:54:Follower UUID: cfa98be0-7452-49dd-b769-4706daa7228b , message: New runtime node selfIncreasingNode created, id: 2
2025-07-29 00:40:54:Debug: Edge updated successfully from producer 1 to consumer 3 for follower cfa98be0-7452-49dd-b769-4706daa7228b
2025-07-29 00:40:54:Debug: Updating edge from producer 1 to consumer 2 for follower cfa98be0-7452-49dd-b769-4706daa7228b
2025-07-29 00:40:54:Debug: Calling URL: http://127.0.0.1:42424/api/node/edge?producer_id=1&consumer_id=2&producer_port_name=num_a&consumer_port_name=input
2025-07-29 00:40:54:Follower UUID: cfa98be0-7452-49dd-b769-4706daa7228b , message: New runtime node selfIncreasingNode created, id: 4
2025-07-29 00:40:54:Follower UUID: cfa98be0-7452-49dd-b769-4706daa7228b , message: plugin AddNum already mounted
2025-07-29 00:40:54:Debug: Edge updated successfully from producer 1 to consumer 2 for follower cfa98be0-7452-49dd-b769-4706daa7228b
2025-07-29 00:40:54:Follower UUID: cfa98be0-7452-49dd-b769-4706daa7228b , message: plugin AddNum already mounted
2025-07-29 00:40:54:Debug: Updating edge from producer 2 to consumer 3 for follower cfa98be0-7452-49dd-b769-4706daa7228b
2025-07-29 00:40:54:Debug: Calling URL: http://127.0.0.1:42424/api/node/edge?producer_id=2&consumer_id=3&producer_port_name=num_b&consumer_port_name=num_b
2025-07-29 00:40:54:Follower UUID: cfa98be0-7452-49dd-b769-4706daa7228b , message: Edge updated between runtime node 1 and 3
2025-07-29 00:40:54:Debug: Edge updated successfully from producer 2 to consumer 3 for follower cfa98be0-7452-49dd-b769-4706daa7228b
2025-07-29 00:40:54:Debug: Updating edge from producer 1 to consumer 4 for follower cfa98be0-7452-49dd-b769-4706daa7228b
2025-07-29 00:40:54:Debug: Calling URL: http://127.0.0.1:42424/api/node/edge?producer_id=1&consumer_id=4&producer_port_name=cycle_num&consumer_port_name=input
2025-07-29 00:40:54:Follower UUID: cfa98be0-7452-49dd-b769-4706daa7228b , message: Edge updated between runtime node 1 and 2
2025-07-29 00:40:54:Debug: Edge updated successfully from producer 1 to consumer 4 for follower cfa98be0-7452-49dd-b769-4706daa7228b
2025-07-29 00:40:54:Follower UUID: cfa98be0-7452-49dd-b769-4706daa7228b , message: Edge updated between runtime node 2 and 3
2025-07-29 00:40:54:Debug: Updating edge from producer 4 to consumer 1 for follower cfa98be0-7452-49dd-b769-4706daa7228b
2025-07-29 00:40:54:Debug: Calling URL: http://127.0.0.1:42424/api/node/edge?producer_id=4&consumer_id=1&producer_port_name=num_b&consumer_port_name=current_cycle_num
2025-07-29 00:40:54:Follower UUID: cfa98be0-7452-49dd-b769-4706daa7228b , message: Edge updated between runtime node 1 and 4
2025-07-29 00:40:54:Debug: Edge updated successfully from producer 4 to consumer 1 for follower cfa98be0-7452-49dd-b769-4706daa7228b
2025-07-29 00:40:54:Follower UUID: cfa98be0-7452-49dd-b769-4706daa7228b , message: Edge updated between runtime node 4 and 1
2025-07-29 00:40:54:Debug: Updating edge from producer 3 to consumer 1 for follower cfa98be0-7452-49dd-b769-4706daa7228b
2025-07-29 00:40:54:Debug: Calling URL: http://127.0.0.1:42424/api/node/edge?producer_id=3&consumer_id=1&producer_port_name=sum&consumer_port_name=num_a
2025-07-29 00:40:54:Debug: Edge updated successfully from producer 3 to consumer 1 for follower cfa98be0-7452-49dd-b769-4706daa7228b
2025-07-29 00:40:54:Debug: Deleting edge from producer 1 to consumer 3 for follower cfa98be0-7452-49dd-b769-4706daa7228b
2025-07-29 00:40:54:Debug: Calling URL: http://127.0.0.1:42424/api/node/edge?producer_id=1&consumer_id=3&producer_port_name=num_a&consumer_port_name=num_a
2025-07-29 00:40:54:Debug: Edge deleted successfully from producer 1 to consumer 3 for follower cfa98be0-7452-49dd-b769-4706daa7228b
2025-07-29 00:40:54:Error: consumer edge not exist
goroutine 7 [running]:
github.com/lvyonghuan/Ubik-Util/uerr.NewError({0xc11d20, 0xc00050e3a0})
	C:/Users/Administrator/go/pkg/mod/github.com/lvyonghuan/!ubik-!util@v0.0.12/uerr/error.go:18 +0x5c
Ubik-Leader/graph.(*Graph).deleteEdge(0xc00022c800, {0x1, 0x3, {0xb3359b, 0x5}, {0xb3359b, _}, {_, _}}, {0x1, ...}, ...)
	I:/work/Ubik-Leader/graph/graph.go:274 +0x8e8
Ubik-Leader/graph.(*Graph).DeleteRuntimeNode(0xc00022c800, 0x1)
	I:/work/Ubik-Leader/graph/graph.go:130 +0x7cf
Ubik-Leader/engine.(*Engine).DeleteRuntimeNode(...)
	I:/work/Ubik-Leader/engine/graph.go:13
Ubik-Leader/engine_test.TestDeleteRuntimeNodeWithEdge(0xc000003a40)
	I:/work/Ubik-Leader/engine/graph_test.go:238 +0x115
testing.tRunner(0xc000003a40, 0xb6f468)
	C:/Users/Administrator/go/pkg/mod/golang.org/toolchain@v0.0.1-go1.24.2.windows-amd64/src/testing/testing.go:1792 +0xcb
created by testing.(*T).Run in goroutine 1
	C:/Users/Administrator/go/pkg/mod/golang.org/toolchain@v0.0.1-go1.24.2.windows-amd64/src/testing/testing.go:1851 +0x3f6

goroutine 1 
2025-07-29 00:40:54:Debug: Deleting edge from producer 1 to consumer 2 for follower cfa98be0-7452-49dd-b769-4706daa7228b
2025-07-29 00:40:54:Debug: Calling URL: http://127.0.0.1:42424/api/node/edge?producer_id=1&consumer_id=2&producer_port_name=num_a&consumer_port_name=input
2025-07-29 00:40:54:Follower UUID: cfa98be0-7452-49dd-b769-4706daa7228b , message: Edge deleted between runtime node 1 and 3
2025-07-29 00:40:54:Follower UUID: cfa98be0-7452-49dd-b769-4706daa7228b , message: Edge updated between runtime node 3 and 1
2025-07-29 00:40:54:Debug: Edge deleted successfully from producer 1 to consumer 2 for follower cfa98be0-7452-49dd-b769-4706daa7228b
2025-07-29 00:40:54:Error: consumer edge not exist
goroutine 7 [running]:
github.com/lvyonghuan/Ubik-Util/uerr.NewError({0xc11d20, 0xc000306250})
	C:/Users/Administrator/go/pkg/mod/github.com/lvyonghuan/!ubik-!util@v0.0.12/uerr/error.go:18 +0x5c
Ubik-Leader/graph.(*Graph).deleteEdge(0xc00022c800, {0x1, 0x2, {0xb3359b, 0x5}, {0xb335a0, _}, {_, _}}, {0x1, ...}, ...)
	I:/work/Ubik-Leader/graph/graph.go:274 +0x8e8
Ubik-Leader/graph.(*Graph).DeleteRuntimeNode(0xc00022c800, 0x1)
	I:/work/Ubik-Leader/graph/graph.go:130 +0x7cf
Ubik-Leader/engine.(*Engine).DeleteRuntimeNode(...)
	I:/work/Ubik-Leader/engine/graph.go:13
Ubik-Leader/engine_test.TestDeleteRuntimeNodeWithEdge(0xc000003a40)
	I:/work/Ubik-Leader/engine/graph_test.go:238 +0x115
testing.tRunner(0xc000003a40, 0xb6f468)
	C:/Users/Administrator/go/pkg/mod/golang.org/toolchain@v0.0.1-go1.24.2.windows-amd64/src/testing/testing.go:1792 +0xcb
created by testing.(*T).Run in goroutine 1
	C:/Users/Administrator/go/pkg/mod/golang.org/toolchain@v0.0.1-go1.24.2.windows-amd64/src/testing/testing.go:1851 +0x3f6

goroutine 1 
2025-07-29 00:40:54:Debug: Deleting edge from producer 1 to consumer 4 for follower cfa98be0-7452-49dd-b769-4706daa7228b
2025-07-29 00:40:54:Debug: Calling URL: http://127.0.0.1:42424/api/node/edge?producer_id=1&consumer_id=4&producer_port_name=cycle_num&consumer_port_name=input
2025-07-29 00:40:54:Debug: Edge deleted successfully from producer 1 to consumer 4 for follower cfa98be0-7452-49dd-b769-4706daa7228b
2025-07-29 00:40:54:Error: consumer edge not exist
goroutine 7 [running]:
github.com/lvyonghuan/Ubik-Util/uerr.NewError({0xc11d20, 0xc000306350})
	C:/Users/Administrator/go/pkg/mod/github.com/lvyonghuan/!ubik-!util@v0.0.12/uerr/error.go:18 +0x5c
Ubik-Leader/graph.(*Graph).deleteEdge(0xc00022c800, {0x1, 0x4, {0xb3d691, 0x9}, {0xb335a0, _}, {_, _}}, {0x1, ...}, ...)
	I:/work/Ubik-Leader/graph/graph.go:274 +0x8e8
Ubik-Leader/graph.(*Graph).DeleteRuntimeNode(0xc00022c800, 0x1)
	I:/work/Ubik-Leader/graph/graph.go:130 +0x7cf
Ubik-Leader/engine.(*Engine).DeleteRuntimeNode(...)
	I:/work/Ubik-Leader/engine/graph.go:13
Ubik-Leader/engine_test.TestDeleteRuntimeNodeWithEdge(0xc000003a40)
	I:/work/Ubik-Leader/engine/graph_test.go:238 +0x115
testing.tRunner(0xc000003a40, 0xb6f468)
	C:/Users/Administrator/go/pkg/mod/golang.org/toolchain@v0.0.1-go1.24.2.windows-amd64/src/testing/testing.go:1792 +0xcb
created by testing.(*T).Run in goroutine 1
	C:/Users/Administrator/go/pkg/mod/golang.org/toolchain@v0.0.1-go1.24.2.windows-amd64/src/testing/testing.go:1851 +0x3f6

goroutine 1 
2025-07-29 00:40:54:Debug: Deleting edge from producer 4 to consumer 1 for follower cfa98be0-7452-49dd-b769-4706daa7228b
2025-07-29 00:40:54:Debug: Calling URL: http://127.0.0.1:42424/api/node/edge?producer_id=4&consumer_id=1&producer_port_name=num_b&consumer_port_name=current_cycle_num
2025-07-29 00:40:54:Follower UUID: cfa98be0-7452-49dd-b769-4706daa7228b , message: Edge deleted between runtime node 1 and 2
2025-07-29 00:40:54:Debug: Edge deleted successfully from producer 4 to consumer 1 for follower cfa98be0-7452-49dd-b769-4706daa7228b
2025-07-29 00:40:54:Debug: Deleting edge from producer 4 to consumer 1 for follower cfa98be0-7452-49dd-b769-4706daa7228b
2025-07-29 00:40:54:Follower UUID: cfa98be0-7452-49dd-b769-4706daa7228b , message: Edge deleted between runtime node 1 and 4
2025-07-29 00:40:54:Debug: Calling URL: http://127.0.0.1:42424/api/node/edge?producer_id=4&consumer_id=1&producer_port_name=num_b&consumer_port_name=current_cycle_num
2025-07-29 00:40:54:Follower UUID: cfa98be0-7452-49dd-b769-4706daa7228b , message: Edge deleted between runtime node 4 and 1
2025-07-29 00:40:54:Debug: Edge deleted successfully from producer 4 to consumer 1 for follower cfa98be0-7452-49dd-b769-4706daa7228b
2025-07-29 00:40:54:Debug: Deleting edge from producer 3 to consumer 1 for follower cfa98be0-7452-49dd-b769-4706daa7228b
2025-07-29 00:40:54:Debug: Calling URL: http://127.0.0.1:42424/api/node/edge?producer_id=3&consumer_id=1&producer_port_name=sum&consumer_port_name=num_a
2025-07-29 00:40:54:Debug: Edge deleted successfully from producer 3 to consumer 1 for follower cfa98be0-7452-49dd-b769-4706daa7228b
2025-07-29 00:40:54:Debug: Deleting edge from producer 3 to consumer 1 for follower cfa98be0-7452-49dd-b769-4706daa7228b
2025-07-29 00:40:54:Debug: Calling URL: http://127.0.0.1:42424/api/node/edge?producer_id=3&consumer_id=1&producer_port_name=sum&consumer_port_name=num_a
2025-07-29 00:40:54:Follower UUID: cfa98be0-7452-49dd-b769-4706daa7228b , message: Edge deleted between runtime node 3 and 1
2025-07-29 00:40:54:Follower UUID: cfa98be0-7452-49dd-b769-4706daa7228b , message: Edge deleted between runtime node 4 and 1
2025-07-29 00:40:54:Debug: Edge deleted successfully from producer 3 to consumer 1 for follower cfa98be0-7452-49dd-b769-4706daa7228b
2025-07-29 00:40:54:Debug: Deleting runtime node 1 for follower cfa98be0-7452-49dd-b769-4706daa7228b
2025-07-29 00:40:54:Debug: Calling URL: http://127.0.0.1:42424/api/node/?id=1
2025-07-29 00:40:54:Follower UUID: cfa98be0-7452-49dd-b769-4706daa7228b , message: Edge deleted between runtime node 3 and 1
2025-07-29 00:40:54:Debug: Runtime node 1 deleted successfully for follower cfa98be0-7452-49dd-b769-4706daa7228b
2025-07-29 00:40:54:Debug: Deleting edge from producer 2 to consumer 3 for follower cfa98be0-7452-49dd-b769-4706daa7228b
2025-07-29 00:40:54:Debug: Calling URL: http://127.0.0.1:42424/api/node/edge?producer_id=2&consumer_id=3&producer_port_name=num_b&consumer_port_name=num_b
2025-07-29 00:40:54:Debug: Edge deleted successfully from producer 2 to consumer 3 for follower cfa98be0-7452-49dd-b769-4706daa7228b
2025-07-29 00:40:54:Error: consumer edge not exist
goroutine 7 [running]:
github.com/lvyonghuan/Ubik-Util/uerr.NewError({0xc11d20, 0xc000037390})
	C:/Users/Administrator/go/pkg/mod/github.com/lvyonghuan/!ubik-!util@v0.0.12/uerr/error.go:18 +0x5c
Ubik-Leader/graph.(*Graph).deleteEdge(0xc00022c800, {0x2, 0x3, {0xb335a5, 0x5}, {0xb335a5, _}, {_, _}}, {0x2, ...}, ...)
	I:/work/Ubik-Leader/graph/graph.go:274 +0x8e8
Ubik-Leader/graph.(*Graph).DeleteRuntimeNode(0xc00022c800, 0x2)
	I:/work/Ubik-Leader/graph/graph.go:130 +0x7cf
Ubik-Leader/engine.(*Engine).DeleteRuntimeNode(...)
	I:/work/Ubik-Leader/engine/graph.go:13
Ubik-Leader/engine_test.TestDeleteRuntimeNodeWithEdge(0xc000003a40)
	I:/work/Ubik-Leader/engine/graph_test.go:245 +0x1d9
testing.tRunner(0xc000003a40, 0xb6f468)
	C:/Users/Administrator/go/pkg/mod/golang.org/toolchain@v0.0.1-go1.24.2.windows-amd64/src/testing/testing.go:1792 +0xcb
created by testing.(*T).Run in goroutine 1
	C:/Users/Administrator/go/pkg/mod/golang.org/toolchain@v0.0.1-go1.24.2.windows-amd64/src/testing/testing.go:1851 +0x3f6

goroutine 1 
